2020-10-26 21:54:38.321  INFO 7020 --- [main] c.a.s.Phase3SportyShoesApplication       : Starting Phase3SportyShoesApplication on BHARGAV with PID 7020 (D:\phase5\projects\phase 5\Phase3SportyShoes\target\classes started by pamul in D:\phase5\projects\phase 5\Phase3SportyShoes)
2020-10-26 21:54:38.327  INFO 7020 --- [main] c.a.s.Phase3SportyShoesApplication       : No active profile set, falling back to default profiles: default
2020-10-26 21:54:40.095  INFO 7020 --- [main] .s.d.r.c.RepositoryConfigurationDelegate : Bootstrapping Spring Data JPA repositories in DEFAULT mode.
2020-10-26 21:54:40.233  INFO 7020 --- [main] .s.d.r.c.RepositoryConfigurationDelegate : Finished Spring Data repository scanning in 116ms. Found 1 JPA repository interfaces.
2020-10-26 21:54:41.485  INFO 7020 --- [main] o.s.b.w.embedded.tomcat.TomcatWebServer  : Tomcat initialized with port(s): 3000 (http)
2020-10-26 21:54:41.500  INFO 7020 --- [main] o.apache.catalina.core.StandardService   : Starting service [Tomcat]
2020-10-26 21:54:41.500  INFO 7020 --- [main] org.apache.catalina.core.StandardEngine  : Starting Servlet engine: [Apache Tomcat/9.0.38]
2020-10-26 21:54:41.660  INFO 7020 --- [main] o.a.c.c.C.[Tomcat].[localhost].[/]       : Initializing Spring embedded WebApplicationContext
2020-10-26 21:54:41.661  INFO 7020 --- [main] w.s.c.ServletWebServerApplicationContext : Root WebApplicationContext: initialization completed in 3213 ms
2020-10-26 21:54:41.748  INFO 7020 --- [main] com.zaxxer.hikari.HikariDataSource       : HikariPool-1 - Starting...
2020-10-26 21:54:42.096  INFO 7020 --- [main] com.zaxxer.hikari.HikariDataSource       : HikariPool-1 - Start completed.
2020-10-26 21:54:42.106  INFO 7020 --- [main] o.s.b.a.h2.H2ConsoleAutoConfiguration    : H2 console available at '/h2'. Database available at 'jdbc:h2:mem:testdb'
2020-10-26 21:54:42.381  INFO 7020 --- [main] o.hibernate.jpa.internal.util.LogHelper  : HHH000204: Processing PersistenceUnitInfo [name: default]
2020-10-26 21:54:42.463  INFO 7020 --- [main] org.hibernate.Version                    : HHH000412: Hibernate ORM core version 5.4.21.Final
2020-10-26 21:54:42.702  INFO 7020 --- [main] o.hibernate.annotations.common.Version   : HCANN000001: Hibernate Commons Annotations {5.1.0.Final}
2020-10-26 21:54:42.921  INFO 7020 --- [main] org.hibernate.dialect.Dialect            : HHH000400: Using dialect: org.hibernate.dialect.H2Dialect
2020-10-26 21:54:43.885  INFO 7020 --- [main] o.h.e.t.j.p.i.JtaPlatformInitiator       : HHH000490: Using JtaPlatform implementation: [org.hibernate.engine.transaction.jta.platform.internal.NoJtaPlatform]
2020-10-26 21:54:43.892  INFO 7020 --- [main] j.LocalContainerEntityManagerFactoryBean : Initialized JPA EntityManagerFactory for persistence unit 'default'
2020-10-26 21:54:44.609  INFO 7020 --- [main] c.a.s.controller.SportyShoesController   : Saved shoe -id: 1
2020-10-26 21:54:44.613  INFO 7020 --- [main] c.a.s.controller.SportyShoesController   : Saved shoe -id: 2
2020-10-26 21:54:44.617  INFO 7020 --- [main] c.a.s.controller.SportyShoesController   : Saved shoe -id: 3
2020-10-26 21:54:44.620  INFO 7020 --- [main] c.a.s.controller.SportyShoesController   : Saved shoe -id: 4
2020-10-26 21:54:44.623  INFO 7020 --- [main] c.a.s.controller.SportyShoesController   : Saved shoe -id: 5
2020-10-26 21:54:44.626  INFO 7020 --- [main] c.a.s.controller.SportyShoesController   : Saved shoe -id: 6
2020-10-26 21:54:44.629  INFO 7020 --- [main] c.a.s.controller.SportyShoesController   : Saved shoe -id: 7
2020-10-26 21:54:44.638  INFO 7020 --- [main] c.a.s.controller.SportyShoesController   : Saved shoe -id: 8
2020-10-26 21:54:44.640  INFO 7020 --- [main] c.a.s.controller.SportyShoesController   : Saved shoe -id: 9
2020-10-26 21:54:44.643  INFO 7020 --- [main] c.a.s.controller.SportyShoesController   : Saved shoe -id: 10
2020-10-26 21:54:44.647  INFO 7020 --- [main] c.a.s.controller.SportyShoesController   : Saved shoe -id: 11
2020-10-26 21:54:44.649  INFO 7020 --- [main] c.a.s.controller.SportyShoesController   : Saved shoe -id: 12
2020-10-26 21:54:44.655  INFO 7020 --- [main] c.a.s.controller.SportyShoesController   : Saved shoe -id: 13
2020-10-26 21:54:44.667  INFO 7020 --- [main] c.a.s.controller.SportyShoesController   : Saved shoe -id: 15
2020-10-26 21:54:44.672  INFO 7020 --- [main] c.a.s.controller.SportyShoesController   : Saved shoe -id: 16
2020-10-26 21:54:45.085  WARN 7020 --- [main] JpaBaseConfiguration$JpaWebConfiguration : spring.jpa.open-in-view is enabled by default. Therefore, database queries may be performed during view rendering. Explicitly configure spring.jpa.open-in-view to disable this warning
2020-10-26 21:54:45.327  INFO 7020 --- [main] pertySourcedRequestMappingHandlerMapping : Mapped URL path [/v2/api-docs] onto method [springfox.documentation.swagger2.web.Swagger2Controller#getDocumentation(String, HttpServletRequest)]
2020-10-26 21:54:45.517  INFO 7020 --- [main] o.s.s.concurrent.ThreadPoolTaskExecutor  : Initializing ExecutorService 'applicationTaskExecutor'
2020-10-26 21:54:45.954  INFO 7020 --- [main] d.s.w.p.DocumentationPluginsBootstrapper : Context refreshed
2020-10-26 21:54:45.987  INFO 7020 --- [main] d.s.w.p.DocumentationPluginsBootstrapper : Found 1 custom documentation plugin(s)
2020-10-26 21:54:46.052  INFO 7020 --- [main] s.d.s.w.s.ApiListingReferenceScanner     : Scanning for api listing references
2020-10-26 21:54:46.347  INFO 7020 --- [main] o.s.b.w.embedded.tomcat.TomcatWebServer  : Tomcat started on port(s): 3000 (http) with context path ''
2020-10-26 21:54:46.352  INFO 7020 --- [main] c.a.s.Phase3SportyShoesApplication       : Started Phase3SportyShoesApplication in 8.664 seconds (JVM running for 9.272)
