2020-10-26 22:13:36.111  INFO 12580 --- [main] c.a.s.Phase3SportyShoesApplication       : Starting Phase3SportyShoesApplication on BHARGAV with PID 12580 (D:\phase5\projects\phase 5\Phase3SportyShoes\target\classes started by pamul in D:\phase5\projects\phase 5\Phase3SportyShoes)
2020-10-26 22:13:36.117  INFO 12580 --- [main] c.a.s.Phase3SportyShoesApplication       : No active profile set, falling back to default profiles: default
2020-10-26 22:13:43.825  INFO 12580 --- [main] .s.d.r.c.RepositoryConfigurationDelegate : Bootstrapping Spring Data JPA repositories in DEFAULT mode.
2020-10-26 22:13:44.599  INFO 12580 --- [main] .s.d.r.c.RepositoryConfigurationDelegate : Finished Spring Data repository scanning in 706ms. Found 1 JPA repository interfaces.
2020-10-26 22:13:50.848  INFO 12580 --- [main] o.s.b.w.embedded.tomcat.TomcatWebServer  : Tomcat initialized with port(s): 3000 (http)
2020-10-26 22:13:51.206  INFO 12580 --- [main] o.apache.catalina.core.StandardService   : Starting service [Tomcat]
2020-10-26 22:13:51.207  INFO 12580 --- [main] org.apache.catalina.core.StandardEngine  : Starting Servlet engine: [Apache Tomcat/9.0.38]
2020-10-26 22:13:52.091  INFO 12580 --- [main] o.a.c.c.C.[Tomcat].[localhost].[/]       : Initializing Spring embedded WebApplicationContext
2020-10-26 22:13:52.091  INFO 12580 --- [main] w.s.c.ServletWebServerApplicationContext : Root WebApplicationContext: initialization completed in 15385 ms
2020-10-26 22:13:52.375  INFO 12580 --- [main] com.zaxxer.hikari.HikariDataSource       : HikariPool-1 - Starting...
2020-10-26 22:13:54.341  INFO 12580 --- [main] com.zaxxer.hikari.HikariDataSource       : HikariPool-1 - Start completed.
2020-10-26 22:13:54.362  INFO 12580 --- [main] o.s.b.a.h2.H2ConsoleAutoConfiguration    : H2 console available at '/h2'. Database available at 'jdbc:h2:mem:testdb'
2020-10-26 22:13:55.108  INFO 12580 --- [main] o.hibernate.jpa.internal.util.LogHelper  : HHH000204: Processing PersistenceUnitInfo [name: default]
2020-10-26 22:13:55.269  INFO 12580 --- [main] org.hibernate.Version                    : HHH000412: Hibernate ORM core version 5.4.21.Final
2020-10-26 22:13:55.668  INFO 12580 --- [main] o.hibernate.annotations.common.Version   : HCANN000001: Hibernate Commons Annotations {5.1.0.Final}
2020-10-26 22:13:56.211  INFO 12580 --- [main] org.hibernate.dialect.Dialect            : HHH000400: Using dialect: org.hibernate.dialect.H2Dialect
2020-10-26 22:13:59.023  INFO 12580 --- [main] o.h.e.t.j.p.i.JtaPlatformInitiator       : HHH000490: Using JtaPlatform implementation: [org.hibernate.engine.transaction.jta.platform.internal.NoJtaPlatform]
2020-10-26 22:13:59.048  INFO 12580 --- [main] j.LocalContainerEntityManagerFactoryBean : Initialized JPA EntityManagerFactory for persistence unit 'default'
2020-10-26 22:14:01.010  INFO 12580 --- [main] c.a.s.controller.SportyShoesController   : Saved shoe -id: 1
2020-10-26 22:14:01.032  INFO 12580 --- [main] c.a.s.controller.SportyShoesController   : Saved shoe -id: 2
2020-10-26 22:14:01.059  INFO 12580 --- [main] c.a.s.controller.SportyShoesController   : Saved shoe -id: 3
2020-10-26 22:14:01.063  INFO 12580 --- [main] c.a.s.controller.SportyShoesController   : Saved shoe -id: 4
2020-10-26 22:14:01.075  INFO 12580 --- [main] c.a.s.controller.SportyShoesController   : Saved shoe -id: 5
2020-10-26 22:14:01.078  INFO 12580 --- [main] c.a.s.controller.SportyShoesController   : Saved shoe -id: 6
2020-10-26 22:14:01.080  INFO 12580 --- [main] c.a.s.controller.SportyShoesController   : Saved shoe -id: 7
2020-10-26 22:14:01.093  INFO 12580 --- [main] c.a.s.controller.SportyShoesController   : Saved shoe -id: 8
2020-10-26 22:14:01.097  INFO 12580 --- [main] c.a.s.controller.SportyShoesController   : Saved shoe -id: 9
2020-10-26 22:14:01.105  INFO 12580 --- [main] c.a.s.controller.SportyShoesController   : Saved shoe -id: 10
2020-10-26 22:14:01.111  INFO 12580 --- [main] c.a.s.controller.SportyShoesController   : Saved shoe -id: 11
2020-10-26 22:14:01.123  INFO 12580 --- [main] c.a.s.controller.SportyShoesController   : Saved shoe -id: 12
2020-10-26 22:14:01.127  INFO 12580 --- [main] c.a.s.controller.SportyShoesController   : Saved shoe -id: 13
2020-10-26 22:14:01.134  INFO 12580 --- [main] c.a.s.controller.SportyShoesController   : Saved shoe -id: 15
2020-10-26 22:14:01.148  INFO 12580 --- [main] c.a.s.controller.SportyShoesController   : Saved shoe -id: 16
2020-10-26 22:14:02.028  WARN 12580 --- [main] JpaBaseConfiguration$JpaWebConfiguration : spring.jpa.open-in-view is enabled by default. Therefore, database queries may be performed during view rendering. Explicitly configure spring.jpa.open-in-view to disable this warning
2020-10-26 22:14:03.213  INFO 12580 --- [main] pertySourcedRequestMappingHandlerMapping : Mapped URL path [/v2/api-docs] onto method [springfox.documentation.swagger2.web.Swagger2Controller#getDocumentation(String, HttpServletRequest)]
2020-10-26 22:14:03.756  INFO 12580 --- [main] o.s.s.concurrent.ThreadPoolTaskExecutor  : Initializing ExecutorService 'applicationTaskExecutor'
2020-10-26 22:14:04.784  INFO 12580 --- [main] d.s.w.p.DocumentationPluginsBootstrapper : Context refreshed
2020-10-26 22:14:04.841  INFO 12580 --- [main] d.s.w.p.DocumentationPluginsBootstrapper : Found 1 custom documentation plugin(s)
2020-10-26 22:14:04.948  INFO 12580 --- [main] s.d.s.w.s.ApiListingReferenceScanner     : Scanning for api listing references
2020-10-26 22:14:05.806  INFO 12580 --- [main] o.s.b.w.embedded.tomcat.TomcatWebServer  : Tomcat started on port(s): 3000 (http) with context path ''
2020-10-26 22:14:05.861  INFO 12580 --- [main] c.a.s.Phase3SportyShoesApplication       : Started Phase3SportyShoesApplication in 31.949 seconds (JVM running for 33.463)
